{"/Users/liutao/work/demo/express-qiakr/qiakr/app.js":{"path":"/Users/liutao/work/demo/express-qiakr/qiakr/app.js","s":{"1":1,"2":1,"3":1,"4":1,"5":1,"6":1,"7":1,"8":1,"9":1,"10":1,"11":1,"12":1,"13":1,"14":1,"15":1,"16":1,"17":1,"18":1,"19":1,"20":1,"21":1,"22":1,"23":1,"24":1,"25":1,"26":1,"27":1},"b":{},"f":{"1":1},"fnMap":{"1":{"name":"(anonymous_1)","line":87,"loc":{"start":{"line":87,"column":17},"end":{"line":87,"column":27}}}},"statementMap":{"1":{"start":{"line":1,"column":0},"end":{"line":1,"column":33}},"2":{"start":{"line":2,"column":0},"end":{"line":2,"column":27}},"3":{"start":{"line":3,"column":0},"end":{"line":3,"column":41}},"4":{"start":{"line":6,"column":0},"end":{"line":6,"column":44}},"5":{"start":{"line":7,"column":0},"end":{"line":7,"column":40}},"6":{"start":{"line":8,"column":0},"end":{"line":8,"column":41}},"7":{"start":{"line":9,"column":0},"end":{"line":9,"column":31}},"8":{"start":{"line":10,"column":0},"end":{"line":10,"column":39}},"9":{"start":{"line":16,"column":0},"end":{"line":16,"column":20}},"10":{"start":{"line":18,"column":0},"end":{"line":18,"column":27}},"11":{"start":{"line":39,"column":0},"end":{"line":39,"column":23}},"12":{"start":{"line":40,"column":0},"end":{"line":40,"column":22}},"13":{"start":{"line":41,"column":0},"end":{"line":41,"column":29}},"14":{"start":{"line":44,"column":0},"end":{"line":44,"column":45}},"15":{"start":{"line":47,"column":0},"end":{"line":47,"column":53}},"16":{"start":{"line":48,"column":0},"end":{"line":48,"column":31}},"17":{"start":{"line":57,"column":0},"end":{"line":57,"column":51}},"18":{"start":{"line":58,"column":0},"end":{"line":58,"column":27}},"19":{"start":{"line":61,"column":0},"end":{"line":61,"column":45}},"20":{"start":{"line":64,"column":0},"end":{"line":64,"column":46}},"21":{"start":{"line":67,"column":0},"end":{"line":67,"column":56}},"22":{"start":{"line":68,"column":0},"end":{"line":68,"column":58}},"23":{"start":{"line":71,"column":0},"end":{"line":76,"column":4}},"24":{"start":{"line":85,"column":0},"end":{"line":85,"column":37}},"25":{"start":{"line":87,"column":0},"end":{"line":89,"column":3}},"26":{"start":{"line":88,"column":2},"end":{"line":88,"column":46}},"27":{"start":{"line":91,"column":0},"end":{"line":91,"column":21}}},"branchMap":{}},"/Users/liutao/work/demo/express-qiakr/qiakr/express.config.js":{"path":"/Users/liutao/work/demo/express-qiakr/qiakr/express.config.js","s":{"1":1},"b":{},"f":{},"fnMap":{},"statementMap":{"1":{"start":{"line":5,"column":0},"end":{"line":30,"column":2}}},"branchMap":{}},"/Users/liutao/work/demo/express-qiakr/qiakr/oneapm.js":{"path":"/Users/liutao/work/demo/express-qiakr/qiakr/oneapm.js","s":{"1":1},"b":{},"f":{},"fnMap":{},"statementMap":{"1":{"start":{"line":7,"column":0},"end":{"line":27,"column":2}}},"branchMap":{}},"/Users/liutao/work/demo/express-qiakr/qiakr/server/common/logHelper.js":{"path":"/Users/liutao/work/demo/express-qiakr/qiakr/server/common/logHelper.js","s":{"1":1,"2":1,"3":1,"4":1,"5":1,"6":1,"7":1,"8":1,"9":1,"10":1,"11":4,"12":0,"13":0,"14":0,"15":1},"b":{"1":[4,0],"2":[0,0],"3":[0,0],"4":[0,0]},"f":{"1":1,"2":4,"3":0,"4":0,"5":0},"fnMap":{"1":{"name":"(anonymous_1)","line":18,"loc":{"start":{"line":18,"column":13},"end":{"line":18,"column":28}}},"2":{"name":"(anonymous_2)","line":27,"loc":{"start":{"line":27,"column":10},"end":{"line":27,"column":23}}},"3":{"name":"(anonymous_3)","line":28,"loc":{"start":{"line":28,"column":10},"end":{"line":28,"column":23}}},"4":{"name":"(anonymous_4)","line":29,"loc":{"start":{"line":29,"column":11},"end":{"line":29,"column":24}}},"5":{"name":"(anonymous_5)","line":30,"loc":{"start":{"line":30,"column":11},"end":{"line":30,"column":24}}}},"statementMap":{"1":{"start":{"line":1,"column":0},"end":{"line":1,"column":27}},"2":{"start":{"line":2,"column":0},"end":{"line":2,"column":23}},"3":{"start":{"line":3,"column":0},"end":{"line":3,"column":50}},"4":{"start":{"line":5,"column":0},"end":{"line":8,"column":16}},"5":{"start":{"line":11,"column":0},"end":{"line":11,"column":35}},"6":{"start":{"line":12,"column":0},"end":{"line":12,"column":36}},"7":{"start":{"line":15,"column":0},"end":{"line":15,"column":28}},"8":{"start":{"line":18,"column":0},"end":{"line":23,"column":2}},"9":{"start":{"line":19,"column":4},"end":{"line":22,"column":8}},"10":{"start":{"line":26,"column":0},"end":{"line":31,"column":2}},"11":{"start":{"line":27,"column":25},"end":{"line":27,"column":67}},"12":{"start":{"line":28,"column":25},"end":{"line":28,"column":67}},"13":{"start":{"line":29,"column":26},"end":{"line":29,"column":68}},"14":{"start":{"line":30,"column":26},"end":{"line":30,"column":70}},"15":{"start":{"line":33,"column":0},"end":{"line":33,"column":24}}},"branchMap":{"1":{"line":27,"type":"binary-expr","locations":[{"start":{"line":27,"column":56},"end":{"line":27,"column":59}},{"start":{"line":27,"column":63},"end":{"line":27,"column":65}}]},"2":{"line":28,"type":"binary-expr","locations":[{"start":{"line":28,"column":56},"end":{"line":28,"column":59}},{"start":{"line":28,"column":63},"end":{"line":28,"column":65}}]},"3":{"line":29,"type":"binary-expr","locations":[{"start":{"line":29,"column":57},"end":{"line":29,"column":60}},{"start":{"line":29,"column":64},"end":{"line":29,"column":66}}]},"4":{"line":30,"type":"binary-expr","locations":[{"start":{"line":30,"column":59},"end":{"line":30,"column":62}},{"start":{"line":30,"column":66},"end":{"line":30,"column":68}}]}}},"/Users/liutao/work/demo/express-qiakr/qiakr/log4js.config.js":{"path":"/Users/liutao/work/demo/express-qiakr/qiakr/log4js.config.js","s":{"1":1,"2":1,"3":1,"4":1,"5":1},"b":{"1":[0,1],"2":[1,1],"3":[1,1],"4":[1,1],"5":[1,1],"6":[1,1]},"f":{"1":1},"fnMap":{"1":{"name":"(anonymous_1)","line":2,"loc":{"start":{"line":2,"column":25},"end":{"line":2,"column":40}}}},"statementMap":{"1":{"start":{"line":2,"column":0},"end":{"line":61,"column":1}},"2":{"start":{"line":3,"column":4},"end":{"line":3,"column":49}},"3":{"start":{"line":4,"column":4},"end":{"line":59,"column":5}},"4":{"start":{"line":60,"column":4},"end":{"line":60,"column":21}},"5":{"start":{"line":63,"column":0},"end":{"line":63,"column":36}}},"branchMap":{"1":{"line":3,"type":"cond-expr","locations":[{"start":{"line":3,"column":34},"end":{"line":3,"column":43}},{"start":{"line":3,"column":46},"end":{"line":3,"column":48}}]},"2":{"line":10,"type":"binary-expr","locations":[{"start":{"line":10,"column":24},"end":{"line":10,"column":37}},{"start":{"line":10,"column":42},"end":{"line":10,"column":52}}]},"3":{"line":18,"type":"binary-expr","locations":[{"start":{"line":18,"column":25},"end":{"line":18,"column":38}},{"start":{"line":18,"column":42},"end":{"line":18,"column":52}}]},"4":{"line":26,"type":"binary-expr","locations":[{"start":{"line":26,"column":24},"end":{"line":26,"column":37}},{"start":{"line":26,"column":41},"end":{"line":26,"column":51}}]},"5":{"line":34,"type":"binary-expr","locations":[{"start":{"line":34,"column":25},"end":{"line":34,"column":38}},{"start":{"line":34,"column":42},"end":{"line":34,"column":52}}]},"6":{"line":42,"type":"binary-expr","locations":[{"start":{"line":42,"column":25},"end":{"line":42,"column":38}},{"start":{"line":42,"column":42},"end":{"line":42,"column":52}}]}}},"/Users/liutao/work/demo/express-qiakr/qiakr/server/routes/home/index.js":{"path":"/Users/liutao/work/demo/express-qiakr/qiakr/server/routes/home/index.js","s":{"1":1,"2":1,"3":1,"4":1,"5":1,"6":1,"7":1,"8":1,"9":1,"10":1,"11":1,"12":1,"13":1,"14":1,"15":1,"16":1,"17":1,"18":1,"19":1,"20":1,"21":0,"22":1,"23":0,"24":0,"25":0,"26":0,"27":1,"28":0,"29":0},"b":{"1":[0,1],"2":[0,0],"3":[0,0],"4":[0,0]},"f":{"1":1,"2":0,"3":0},"fnMap":{"1":{"name":"(anonymous_1)","line":8,"loc":{"start":{"line":8,"column":17},"end":{"line":8,"column":30}}},"2":{"name":"(anonymous_2)","line":42,"loc":{"start":{"line":42,"column":15},"end":{"line":42,"column":39}}},"3":{"name":"(anonymous_3)","line":56,"loc":{"start":{"line":56,"column":10},"end":{"line":56,"column":40}}}},"statementMap":{"1":{"start":{"line":4,"column":0},"end":{"line":4,"column":35}},"2":{"start":{"line":5,"column":0},"end":{"line":5,"column":39}},"3":{"start":{"line":6,"column":0},"end":{"line":6,"column":43}},"4":{"start":{"line":8,"column":0},"end":{"line":66,"column":1}},"5":{"start":{"line":10,"column":1},"end":{"line":10,"column":31}},"6":{"start":{"line":12,"column":1},"end":{"line":12,"column":41}},"7":{"start":{"line":14,"column":1},"end":{"line":14,"column":49}},"8":{"start":{"line":16,"column":1},"end":{"line":16,"column":40}},"9":{"start":{"line":17,"column":1},"end":{"line":17,"column":51}},"10":{"start":{"line":19,"column":1},"end":{"line":19,"column":50}},"11":{"start":{"line":20,"column":1},"end":{"line":20,"column":57}},"12":{"start":{"line":22,"column":1},"end":{"line":22,"column":37}},"13":{"start":{"line":24,"column":1},"end":{"line":24,"column":35}},"14":{"start":{"line":26,"column":1},"end":{"line":26,"column":31}},"15":{"start":{"line":29,"column":1},"end":{"line":29,"column":41}},"16":{"start":{"line":31,"column":1},"end":{"line":31,"column":53}},"17":{"start":{"line":32,"column":1},"end":{"line":32,"column":63}},"18":{"start":{"line":34,"column":1},"end":{"line":34,"column":64}},"19":{"start":{"line":35,"column":1},"end":{"line":35,"column":70}},"20":{"start":{"line":38,"column":1},"end":{"line":64,"column":2}},"21":{"start":{"line":39,"column":2},"end":{"line":39,"column":26}},"22":{"start":{"line":42,"column":2},"end":{"line":53,"column":4}},"23":{"start":{"line":43,"column":3},"end":{"line":43,"column":19}},"24":{"start":{"line":44,"column":3},"end":{"line":52,"column":4}},"25":{"start":{"line":45,"column":5},"end":{"line":49,"column":8}},"26":{"start":{"line":51,"column":5},"end":{"line":51,"column":44}},"27":{"start":{"line":56,"column":2},"end":{"line":63,"column":5}},"28":{"start":{"line":57,"column":4},"end":{"line":57,"column":34}},"29":{"start":{"line":58,"column":4},"end":{"line":62,"column":7}}},"branchMap":{"1":{"line":38,"type":"if","locations":[{"start":{"line":38,"column":1},"end":{"line":38,"column":1}},{"start":{"line":38,"column":1},"end":{"line":38,"column":1}}]},"2":{"line":44,"type":"if","locations":[{"start":{"line":44,"column":3},"end":{"line":44,"column":3}},{"start":{"line":44,"column":3},"end":{"line":44,"column":3}}]},"3":{"line":44,"type":"binary-expr","locations":[{"start":{"line":44,"column":7},"end":{"line":44,"column":38}},{"start":{"line":44,"column":42},"end":{"line":44,"column":107}}]},"4":{"line":57,"type":"binary-expr","locations":[{"start":{"line":57,"column":15},"end":{"line":57,"column":25}},{"start":{"line":57,"column":29},"end":{"line":57,"column":32}}]}}},"/Users/liutao/work/demo/express-qiakr/qiakr/server/routes/home/home.js":{"path":"/Users/liutao/work/demo/express-qiakr/qiakr/server/routes/home/home.js","s":{"1":1,"2":1,"3":1,"4":0,"5":0,"6":0,"7":0,"8":0,"9":0,"10":0,"11":0,"12":0,"13":0,"14":0,"15":1,"16":1,"17":1,"18":1,"19":1,"20":1,"21":0,"22":0,"23":0,"24":0,"25":0,"26":0,"27":0,"28":0,"29":0,"30":0,"31":0,"32":1,"33":1,"34":1,"35":1,"36":1,"37":0,"38":0,"39":0,"40":0,"41":0,"42":1},"b":{"1":[0,0],"2":[0,0],"3":[0,0],"4":[1,0],"5":[1,1],"6":[1,1],"7":[0,0],"8":[1,0]},"f":{"1":0,"2":0,"3":0,"4":0,"5":0,"6":0,"7":1,"8":1,"9":0,"10":0,"11":0,"12":0,"13":1,"14":1,"15":0,"16":0,"17":0,"18":0},"fnMap":{"1":{"name":"(anonymous_1)","line":8,"loc":{"start":{"line":8,"column":6},"end":{"line":8,"column":30}}},"2":{"name":"(anonymous_2)","line":11,"loc":{"start":{"line":11,"column":9},"end":{"line":11,"column":33}}},"3":{"name":"(anonymous_3)","line":14,"loc":{"start":{"line":14,"column":13},"end":{"line":14,"column":37}}},"4":{"name":"(anonymous_4)","line":17,"loc":{"start":{"line":17,"column":6},"end":{"line":17,"column":30}}},"5":{"name":"(anonymous_5)","line":30,"loc":{"start":{"line":30,"column":36},"end":{"line":30,"column":50}}},"6":{"name":"(anonymous_6)","line":33,"loc":{"start":{"line":33,"column":11},"end":{"line":33,"column":24}}},"7":{"name":"(anonymous_7)","line":38,"loc":{"start":{"line":38,"column":16},"end":{"line":38,"column":40}}},"8":{"name":"(anonymous_8)","line":50,"loc":{"start":{"line":50,"column":36},"end":{"line":50,"column":50}}},"9":{"name":"(anonymous_9)","line":52,"loc":{"start":{"line":52,"column":11},"end":{"line":52,"column":24}}},"10":{"name":"(anonymous_10)","line":57,"loc":{"start":{"line":57,"column":12},"end":{"line":57,"column":36}}},"11":{"name":"(anonymous_11)","line":64,"loc":{"start":{"line":64,"column":31},"end":{"line":64,"column":45}}},"12":{"name":"(anonymous_12)","line":66,"loc":{"start":{"line":66,"column":12},"end":{"line":66,"column":25}}},"13":{"name":"(anonymous_13)","line":74,"loc":{"start":{"line":74,"column":18},"end":{"line":74,"column":42}}},"14":{"name":"(anonymous_14)","line":81,"loc":{"start":{"line":81,"column":9},"end":{"line":81,"column":23}}},"15":{"name":"(anonymous_15)","line":83,"loc":{"start":{"line":83,"column":12},"end":{"line":83,"column":25}}},"16":{"name":"(anonymous_16)","line":90,"loc":{"start":{"line":90,"column":7},"end":{"line":90,"column":31}}},"17":{"name":"(anonymous_17)","line":93,"loc":{"start":{"line":93,"column":6},"end":{"line":93,"column":30}}},"18":{"name":"(anonymous_18)","line":96,"loc":{"start":{"line":96,"column":4},"end":{"line":96,"column":28}}}},"statementMap":{"1":{"start":{"line":4,"column":0},"end":{"line":4,"column":45}},"2":{"start":{"line":5,"column":0},"end":{"line":5,"column":50}},"3":{"start":{"line":7,"column":0},"end":{"line":99,"column":1}},"4":{"start":{"line":9,"column":2},"end":{"line":9,"column":42}},"5":{"start":{"line":12,"column":2},"end":{"line":12,"column":46}},"6":{"start":{"line":15,"column":2},"end":{"line":15,"column":49}},"7":{"start":{"line":18,"column":2},"end":{"line":18,"column":34}},"8":{"start":{"line":19,"column":2},"end":{"line":19,"column":34}},"9":{"start":{"line":20,"column":2},"end":{"line":20,"column":36}},"10":{"start":{"line":22,"column":2},"end":{"line":27,"column":3}},"11":{"start":{"line":30,"column":2},"end":{"line":36,"column":5}},"12":{"start":{"line":32,"column":3},"end":{"line":32,"column":54}},"13":{"start":{"line":34,"column":3},"end":{"line":34,"column":27}},"14":{"start":{"line":35,"column":3},"end":{"line":35,"column":10}},"15":{"start":{"line":39,"column":2},"end":{"line":39,"column":34}},"16":{"start":{"line":40,"column":2},"end":{"line":40,"column":34}},"17":{"start":{"line":41,"column":2},"end":{"line":41,"column":36}},"18":{"start":{"line":43,"column":2},"end":{"line":48,"column":3}},"19":{"start":{"line":50,"column":2},"end":{"line":55,"column":5}},"20":{"start":{"line":51,"column":3},"end":{"line":51,"column":39}},"21":{"start":{"line":53,"column":3},"end":{"line":53,"column":18}},"22":{"start":{"line":54,"column":3},"end":{"line":54,"column":47}},"23":{"start":{"line":58,"column":2},"end":{"line":58,"column":25}},"24":{"start":{"line":60,"column":2},"end":{"line":72,"column":3}},"25":{"start":{"line":61,"column":3},"end":{"line":61,"column":24}},"26":{"start":{"line":63,"column":3},"end":{"line":63,"column":20}},"27":{"start":{"line":64,"column":3},"end":{"line":69,"column":6}},"28":{"start":{"line":65,"column":4},"end":{"line":65,"column":40}},"29":{"start":{"line":67,"column":4},"end":{"line":67,"column":50}},"30":{"start":{"line":68,"column":4},"end":{"line":68,"column":11}},"31":{"start":{"line":71,"column":3},"end":{"line":71,"column":10}},"32":{"start":{"line":75,"column":2},"end":{"line":75,"column":25}},"33":{"start":{"line":76,"column":2},"end":{"line":88,"column":3}},"34":{"start":{"line":77,"column":3},"end":{"line":79,"column":4}},"35":{"start":{"line":80,"column":3},"end":{"line":85,"column":6}},"36":{"start":{"line":82,"column":4},"end":{"line":82,"column":40}},"37":{"start":{"line":84,"column":4},"end":{"line":84,"column":48}},"38":{"start":{"line":87,"column":3},"end":{"line":87,"column":44}},"39":{"start":{"line":91,"column":2},"end":{"line":91,"column":43}},"40":{"start":{"line":94,"column":2},"end":{"line":94,"column":42}},"41":{"start":{"line":97,"column":2},"end":{"line":97,"column":40}},"42":{"start":{"line":101,"column":0},"end":{"line":101,"column":28}}},"branchMap":{"1":{"line":18,"type":"binary-expr","locations":[{"start":{"line":18,"column":12},"end":{"line":18,"column":26}},{"start":{"line":18,"column":30},"end":{"line":18,"column":33}}]},"2":{"line":19,"type":"binary-expr","locations":[{"start":{"line":19,"column":14},"end":{"line":19,"column":28}},{"start":{"line":19,"column":32},"end":{"line":19,"column":33}}]},"3":{"line":20,"type":"binary-expr","locations":[{"start":{"line":20,"column":15},"end":{"line":20,"column":30}},{"start":{"line":20,"column":34},"end":{"line":20,"column":35}}]},"4":{"line":39,"type":"binary-expr","locations":[{"start":{"line":39,"column":12},"end":{"line":39,"column":26}},{"start":{"line":39,"column":30},"end":{"line":39,"column":33}}]},"5":{"line":40,"type":"binary-expr","locations":[{"start":{"line":40,"column":14},"end":{"line":40,"column":28}},{"start":{"line":40,"column":32},"end":{"line":40,"column":33}}]},"6":{"line":41,"type":"binary-expr","locations":[{"start":{"line":41,"column":15},"end":{"line":41,"column":30}},{"start":{"line":41,"column":34},"end":{"line":41,"column":35}}]},"7":{"line":60,"type":"if","locations":[{"start":{"line":60,"column":2},"end":{"line":60,"column":2}},{"start":{"line":60,"column":2},"end":{"line":60,"column":2}}]},"8":{"line":76,"type":"if","locations":[{"start":{"line":76,"column":2},"end":{"line":76,"column":2}},{"start":{"line":76,"column":2},"end":{"line":76,"column":2}}]}}},"/Users/liutao/work/demo/express-qiakr/qiakr/server/api/home/news.js":{"path":"/Users/liutao/work/demo/express-qiakr/qiakr/server/api/home/news.js","s":{"1":1,"2":1,"3":1},"b":{},"f":{},"fnMap":{},"statementMap":{"1":{"start":{"line":1,"column":0},"end":{"line":1,"column":52}},"2":{"start":{"line":3,"column":0},"end":{"line":14,"column":1}},"3":{"start":{"line":16,"column":0},"end":{"line":16,"column":54}}},"branchMap":{}},"/Users/liutao/work/demo/express-qiakr/qiakr/server/api/registerService.js":{"path":"/Users/liutao/work/demo/express-qiakr/qiakr/server/api/registerService.js","s":{"1":1,"2":1,"3":1,"4":1,"5":1,"6":2,"7":2,"8":1,"9":2,"10":2,"11":2,"12":2,"13":14,"14":14,"15":4,"16":4,"17":4,"18":4,"19":4,"20":4,"21":0,"22":4,"23":2,"24":1},"b":{},"f":{"1":2,"2":2,"3":14,"4":4,"5":4},"fnMap":{"1":{"name":"(anonymous_1)","line":7,"loc":{"start":{"line":7,"column":19},"end":{"line":7,"column":40}}},"2":{"name":"(anonymous_2)","line":18,"loc":{"start":{"line":18,"column":22},"end":{"line":18,"column":44}}},"3":{"name":"(anonymous_3)","line":24,"loc":{"start":{"line":24,"column":10},"end":{"line":24,"column":41}}},"4":{"name":"(anonymous_4)","line":25,"loc":{"start":{"line":25,"column":10},"end":{"line":25,"column":23}}},"5":{"name":"(anonymous_5)","line":29,"loc":{"start":{"line":29,"column":43},"end":{"line":29,"column":57}}}},"statementMap":{"1":{"start":{"line":1,"column":0},"end":{"line":1,"column":46}},"2":{"start":{"line":2,"column":0},"end":{"line":2,"column":47}},"3":{"start":{"line":3,"column":0},"end":{"line":3,"column":47}},"4":{"start":{"line":4,"column":0},"end":{"line":4,"column":50}},"5":{"start":{"line":7,"column":0},"end":{"line":16,"column":1}},"6":{"start":{"line":8,"column":1},"end":{"line":13,"column":2}},"7":{"start":{"line":15,"column":1},"end":{"line":15,"column":25}},"8":{"start":{"line":18,"column":0},"end":{"line":43,"column":1}},"9":{"start":{"line":19,"column":1},"end":{"line":19,"column":12}},"10":{"start":{"line":20,"column":1},"end":{"line":20,"column":54}},"11":{"start":{"line":21,"column":1},"end":{"line":21,"column":36}},"12":{"start":{"line":23,"column":1},"end":{"line":40,"column":2}},"13":{"start":{"line":24,"column":2},"end":{"line":39,"column":28}},"14":{"start":{"line":25,"column":3},"end":{"line":38,"column":4}},"15":{"start":{"line":26,"column":4},"end":{"line":26,"column":45}},"16":{"start":{"line":27,"column":4},"end":{"line":27,"column":24}},"17":{"start":{"line":29,"column":4},"end":{"line":37,"column":7}},"18":{"start":{"line":30,"column":5},"end":{"line":30,"column":13}},"19":{"start":{"line":31,"column":5},"end":{"line":35,"column":6}},"20":{"start":{"line":32,"column":6},"end":{"line":32,"column":29}},"21":{"start":{"line":34,"column":6},"end":{"line":34,"column":17}},"22":{"start":{"line":36,"column":5},"end":{"line":36,"column":16}},"23":{"start":{"line":42,"column":1},"end":{"line":42,"column":10}},"24":{"start":{"line":45,"column":0},"end":{"line":45,"column":33}}},"branchMap":{}},"/Users/liutao/work/demo/express-qiakr/qiakr/server/common/json2java.js":{"path":"/Users/liutao/work/demo/express-qiakr/qiakr/server/common/json2java.js","s":{"1":1,"2":1,"3":4,"4":4,"5":11,"6":11,"7":11,"8":0,"9":11,"10":10,"11":1,"12":4},"b":{"1":[0,11],"2":[10,1],"3":[10,0],"4":[1,0]},"f":{"1":4,"2":11,"3":11},"fnMap":{"1":{"name":"(anonymous_1)","line":11,"loc":{"start":{"line":11,"column":17},"end":{"line":11,"column":44}}},"2":{"name":"(anonymous_2)","line":14,"loc":{"start":{"line":14,"column":31},"end":{"line":14,"column":45}}},"3":{"name":"(anonymous_3)","line":17,"loc":{"start":{"line":17,"column":8},"end":{"line":17,"column":22}}}},"statementMap":{"1":{"start":{"line":9,"column":0},"end":{"line":9,"column":33}},"2":{"start":{"line":11,"column":0},"end":{"line":30,"column":1}},"3":{"start":{"line":12,"column":1},"end":{"line":12,"column":12}},"4":{"start":{"line":14,"column":1},"end":{"line":27,"column":3}},"5":{"start":{"line":15,"column":2},"end":{"line":15,"column":26}},"6":{"start":{"line":16,"column":2},"end":{"line":16,"column":34}},"7":{"start":{"line":18,"column":2},"end":{"line":26,"column":3}},"8":{"start":{"line":19,"column":3},"end":{"line":19,"column":29}},"9":{"start":{"line":21,"column":3},"end":{"line":25,"column":4}},"10":{"start":{"line":22,"column":4},"end":{"line":22,"column":97}},"11":{"start":{"line":24,"column":4},"end":{"line":24,"column":75}},"12":{"start":{"line":29,"column":1},"end":{"line":29,"column":12}}},"branchMap":{"1":{"line":18,"type":"if","locations":[{"start":{"line":18,"column":2},"end":{"line":18,"column":2}},{"start":{"line":18,"column":2},"end":{"line":18,"column":2}}]},"2":{"line":21,"type":"if","locations":[{"start":{"line":21,"column":3},"end":{"line":21,"column":3}},{"start":{"line":21,"column":3},"end":{"line":21,"column":3}}]},"3":{"line":22,"type":"cond-expr","locations":[{"start":{"line":22,"column":26},"end":{"line":22,"column":55}},{"start":{"line":22,"column":56},"end":{"line":22,"column":96}}]},"4":{"line":24,"type":"cond-expr","locations":[{"start":{"line":24,"column":26},"end":{"line":24,"column":44}},{"start":{"line":24,"column":45},"end":{"line":24,"column":74}}]}}},"/Users/liutao/work/demo/express-qiakr/qiakr/server/routes/home/school.js":{"path":"/Users/liutao/work/demo/express-qiakr/qiakr/server/routes/home/school.js","s":{"1":1,"2":1,"3":1,"4":0,"5":0,"6":0,"7":0,"8":0,"9":0,"10":1,"11":1,"12":1,"13":0,"14":0,"15":0,"16":0,"17":0,"18":0,"19":0,"20":0,"21":0,"22":1,"23":1,"24":1,"25":0,"26":1},"b":{"1":[0,0],"2":[0,0],"3":[0,0],"4":[0,0],"5":[1,1],"6":[1,1],"7":[1,1],"8":[1,0],"9":[0,0],"10":[1,0]},"f":{"1":0,"2":0,"3":0,"4":0,"5":1,"6":1,"7":0,"8":0,"9":0,"10":0,"11":1,"12":1,"13":0},"fnMap":{"1":{"name":"(anonymous_1)","line":9,"loc":{"start":{"line":9,"column":8},"end":{"line":9,"column":32}}},"2":{"name":"(anonymous_2)","line":13,"loc":{"start":{"line":13,"column":7},"end":{"line":13,"column":31}}},"3":{"name":"(anonymous_3)","line":22,"loc":{"start":{"line":22,"column":39},"end":{"line":22,"column":53}}},"4":{"name":"(anonymous_4)","line":25,"loc":{"start":{"line":25,"column":11},"end":{"line":25,"column":24}}},"5":{"name":"(anonymous_5)","line":30,"loc":{"start":{"line":30,"column":17},"end":{"line":30,"column":41}}},"6":{"name":"(anonymous_6)","line":39,"loc":{"start":{"line":39,"column":40},"end":{"line":39,"column":54}}},"7":{"name":"(anonymous_7)","line":41,"loc":{"start":{"line":41,"column":11},"end":{"line":41,"column":24}}},"8":{"name":"(anonymous_8)","line":45,"loc":{"start":{"line":45,"column":13},"end":{"line":45,"column":37}}},"9":{"name":"(anonymous_9)","line":51,"loc":{"start":{"line":51,"column":40},"end":{"line":51,"column":54}}},"10":{"name":"(anonymous_10)","line":53,"loc":{"start":{"line":53,"column":12},"end":{"line":53,"column":25}}},"11":{"name":"(anonymous_11)","line":61,"loc":{"start":{"line":61,"column":19},"end":{"line":61,"column":43}}},"12":{"name":"(anonymous_12)","line":65,"loc":{"start":{"line":65,"column":39},"end":{"line":65,"column":53}}},"13":{"name":"(anonymous_13)","line":67,"loc":{"start":{"line":67,"column":11},"end":{"line":67,"column":24}}}},"statementMap":{"1":{"start":{"line":5,"column":0},"end":{"line":5,"column":48}},"2":{"start":{"line":6,"column":0},"end":{"line":6,"column":50}},"3":{"start":{"line":8,"column":0},"end":{"line":71,"column":1}},"4":{"start":{"line":11,"column":2},"end":{"line":11,"column":44}},"5":{"start":{"line":14,"column":2},"end":{"line":20,"column":3}},"6":{"start":{"line":22,"column":2},"end":{"line":28,"column":5}},"7":{"start":{"line":24,"column":3},"end":{"line":24,"column":56}},"8":{"start":{"line":26,"column":3},"end":{"line":26,"column":35}},"9":{"start":{"line":27,"column":3},"end":{"line":27,"column":10}},"10":{"start":{"line":31,"column":2},"end":{"line":37,"column":3}},"11":{"start":{"line":39,"column":3},"end":{"line":43,"column":5}},"12":{"start":{"line":40,"column":3},"end":{"line":40,"column":39}},"13":{"start":{"line":42,"column":3},"end":{"line":42,"column":49}},"14":{"start":{"line":46,"column":2},"end":{"line":46,"column":25}},"15":{"start":{"line":47,"column":2},"end":{"line":59,"column":3}},"16":{"start":{"line":48,"column":3},"end":{"line":50,"column":4}},"17":{"start":{"line":51,"column":3},"end":{"line":56,"column":6}},"18":{"start":{"line":52,"column":4},"end":{"line":52,"column":40}},"19":{"start":{"line":54,"column":4},"end":{"line":54,"column":35}},"20":{"start":{"line":55,"column":4},"end":{"line":55,"column":11}},"21":{"start":{"line":58,"column":3},"end":{"line":58,"column":10}},"22":{"start":{"line":62,"column":2},"end":{"line":64,"column":3}},"23":{"start":{"line":65,"column":2},"end":{"line":69,"column":5}},"24":{"start":{"line":66,"column":3},"end":{"line":66,"column":39}},"25":{"start":{"line":68,"column":3},"end":{"line":68,"column":48}},"26":{"start":{"line":73,"column":0},"end":{"line":73,"column":30}}},"branchMap":{"1":{"line":15,"type":"binary-expr","locations":[{"start":{"line":15,"column":9},"end":{"line":15,"column":24}},{"start":{"line":15,"column":28},"end":{"line":15,"column":31}}]},"2":{"line":16,"type":"binary-expr","locations":[{"start":{"line":16,"column":11},"end":{"line":16,"column":26}},{"start":{"line":16,"column":30},"end":{"line":16,"column":31}}]},"3":{"line":17,"type":"binary-expr","locations":[{"start":{"line":17,"column":14},"end":{"line":17,"column":32}},{"start":{"line":17,"column":36},"end":{"line":17,"column":38}}]},"4":{"line":18,"type":"binary-expr","locations":[{"start":{"line":18,"column":9},"end":{"line":18,"column":24}},{"start":{"line":18,"column":28},"end":{"line":18,"column":29}}]},"5":{"line":32,"type":"binary-expr","locations":[{"start":{"line":32,"column":10},"end":{"line":32,"column":24}},{"start":{"line":32,"column":28},"end":{"line":32,"column":31}}]},"6":{"line":33,"type":"binary-expr","locations":[{"start":{"line":33,"column":11},"end":{"line":33,"column":26}},{"start":{"line":33,"column":30},"end":{"line":33,"column":31}}]},"7":{"line":34,"type":"binary-expr","locations":[{"start":{"line":34,"column":14},"end":{"line":34,"column":32}},{"start":{"line":34,"column":36},"end":{"line":34,"column":38}}]},"8":{"line":35,"type":"binary-expr","locations":[{"start":{"line":35,"column":9},"end":{"line":35,"column":24}},{"start":{"line":35,"column":28},"end":{"line":35,"column":29}}]},"9":{"line":47,"type":"if","locations":[{"start":{"line":47,"column":2},"end":{"line":47,"column":2}},{"start":{"line":47,"column":2},"end":{"line":47,"column":2}}]},"10":{"line":63,"type":"binary-expr","locations":[{"start":{"line":63,"column":17},"end":{"line":63,"column":30}},{"start":{"line":63,"column":34},"end":{"line":63,"column":35}}]}}},"/Users/liutao/work/demo/express-qiakr/qiakr/server/api/home/videos.js":{"path":"/Users/liutao/work/demo/express-qiakr/qiakr/server/api/home/videos.js","s":{"1":1,"2":1,"3":1},"b":{},"f":{},"fnMap":{},"statementMap":{"1":{"start":{"line":1,"column":0},"end":{"line":1,"column":52}},"2":{"start":{"line":3,"column":0},"end":{"line":14,"column":1}},"3":{"start":{"line":16,"column":0},"end":{"line":16,"column":54}}},"branchMap":{}}}