TN:
SF:/Users/liutao/work/demo/express-qiakr/qiakr/app.js
FN:87,(anonymous_1)
FNF:1
FNH:1
FNDA:1,(anonymous_1)
DA:1,1
DA:2,1
DA:3,1
DA:6,1
DA:7,1
DA:8,1
DA:9,1
DA:10,1
DA:16,1
DA:18,1
DA:39,1
DA:40,1
DA:41,1
DA:44,1
DA:47,1
DA:48,1
DA:57,1
DA:58,1
DA:61,1
DA:64,1
DA:67,1
DA:68,1
DA:71,1
DA:85,1
DA:87,1
DA:88,1
DA:91,1
LF:27
LH:27
BRF:0
BRH:0
end_of_record
TN:
SF:/Users/liutao/work/demo/express-qiakr/qiakr/express.config.js
FNF:0
FNH:0
DA:5,1
LF:1
LH:1
BRF:0
BRH:0
end_of_record
TN:
SF:/Users/liutao/work/demo/express-qiakr/qiakr/oneapm.js
FNF:0
FNH:0
DA:7,1
LF:1
LH:1
BRF:0
BRH:0
end_of_record
TN:
SF:/Users/liutao/work/demo/express-qiakr/qiakr/server/common/logHelper.js
FN:18,(anonymous_1)
FN:27,(anonymous_2)
FN:28,(anonymous_3)
FN:29,(anonymous_4)
FN:30,(anonymous_5)
FNF:5
FNH:2
FNDA:1,(anonymous_1)
FNDA:4,(anonymous_2)
FNDA:0,(anonymous_3)
FNDA:0,(anonymous_4)
FNDA:0,(anonymous_5)
DA:1,1
DA:2,1
DA:3,1
DA:5,1
DA:11,1
DA:12,1
DA:15,1
DA:18,1
DA:19,1
DA:26,1
DA:27,4
DA:28,0
DA:29,0
DA:30,0
DA:33,1
LF:15
LH:12
BRDA:27,1,0,4
BRDA:27,1,1,0
BRDA:28,2,0,0
BRDA:28,2,1,0
BRDA:29,3,0,0
BRDA:29,3,1,0
BRDA:30,4,0,0
BRDA:30,4,1,0
BRF:8
BRH:1
end_of_record
TN:
SF:/Users/liutao/work/demo/express-qiakr/qiakr/log4js.config.js
FN:2,(anonymous_1)
FNF:1
FNH:1
FNDA:1,(anonymous_1)
DA:2,1
DA:3,1
DA:4,1
DA:60,1
DA:63,1
LF:5
LH:5
BRDA:3,1,0,0
BRDA:3,1,1,1
BRDA:10,2,0,1
BRDA:10,2,1,1
BRDA:18,3,0,1
BRDA:18,3,1,1
BRDA:26,4,0,1
BRDA:26,4,1,1
BRDA:34,5,0,1
BRDA:34,5,1,1
BRDA:42,6,0,1
BRDA:42,6,1,1
BRF:12
BRH:11
end_of_record
TN:
SF:/Users/liutao/work/demo/express-qiakr/qiakr/server/routes/home/index.js
FN:8,(anonymous_1)
FN:42,(anonymous_2)
FN:56,(anonymous_3)
FNF:3
FNH:1
FNDA:1,(anonymous_1)
FNDA:0,(anonymous_2)
FNDA:0,(anonymous_3)
DA:4,1
DA:5,1
DA:6,1
DA:8,1
DA:10,1
DA:12,1
DA:14,1
DA:16,1
DA:17,1
DA:19,1
DA:20,1
DA:22,1
DA:24,1
DA:26,1
DA:29,1
DA:31,1
DA:32,1
DA:34,1
DA:35,1
DA:38,1
DA:39,0
DA:42,1
DA:43,0
DA:44,0
DA:45,0
DA:51,0
DA:56,1
DA:57,0
DA:58,0
LF:29
LH:22
BRDA:38,1,0,0
BRDA:38,1,1,1
BRDA:44,2,0,0
BRDA:44,2,1,0
BRDA:44,3,0,0
BRDA:44,3,1,0
BRDA:57,4,0,0
BRDA:57,4,1,0
BRF:8
BRH:1
end_of_record
TN:
SF:/Users/liutao/work/demo/express-qiakr/qiakr/server/routes/home/home.js
FN:8,(anonymous_1)
FN:11,(anonymous_2)
FN:14,(anonymous_3)
FN:17,(anonymous_4)
FN:30,(anonymous_5)
FN:33,(anonymous_6)
FN:38,(anonymous_7)
FN:50,(anonymous_8)
FN:52,(anonymous_9)
FN:57,(anonymous_10)
FN:64,(anonymous_11)
FN:66,(anonymous_12)
FN:74,(anonymous_13)
FN:81,(anonymous_14)
FN:83,(anonymous_15)
FN:90,(anonymous_16)
FN:93,(anonymous_17)
FN:96,(anonymous_18)
FNF:18
FNH:4
FNDA:0,(anonymous_1)
FNDA:0,(anonymous_2)
FNDA:0,(anonymous_3)
FNDA:0,(anonymous_4)
FNDA:0,(anonymous_5)
FNDA:0,(anonymous_6)
FNDA:1,(anonymous_7)
FNDA:1,(anonymous_8)
FNDA:0,(anonymous_9)
FNDA:0,(anonymous_10)
FNDA:0,(anonymous_11)
FNDA:0,(anonymous_12)
FNDA:1,(anonymous_13)
FNDA:1,(anonymous_14)
FNDA:0,(anonymous_15)
FNDA:0,(anonymous_16)
FNDA:0,(anonymous_17)
FNDA:0,(anonymous_18)
DA:4,1
DA:5,1
DA:7,1
DA:9,0
DA:12,0
DA:15,0
DA:18,0
DA:19,0
DA:20,0
DA:22,0
DA:30,0
DA:32,0
DA:34,0
DA:35,0
DA:39,1
DA:40,1
DA:41,1
DA:43,1
DA:50,1
DA:51,1
DA:53,0
DA:54,0
DA:58,0
DA:60,0
DA:61,0
DA:63,0
DA:64,0
DA:65,0
DA:67,0
DA:68,0
DA:71,0
DA:75,1
DA:76,1
DA:77,1
DA:80,1
DA:82,1
DA:84,0
DA:87,0
DA:91,0
DA:94,0
DA:97,0
DA:101,1
LF:42
LH:15
BRDA:18,1,0,0
BRDA:18,1,1,0
BRDA:19,2,0,0
BRDA:19,2,1,0
BRDA:20,3,0,0
BRDA:20,3,1,0
BRDA:39,4,0,1
BRDA:39,4,1,0
BRDA:40,5,0,1
BRDA:40,5,1,1
BRDA:41,6,0,1
BRDA:41,6,1,1
BRDA:60,7,0,0
BRDA:60,7,1,0
BRDA:76,8,0,1
BRDA:76,8,1,0
BRF:16
BRH:6
end_of_record
TN:
SF:/Users/liutao/work/demo/express-qiakr/qiakr/server/api/home/news.js
FNF:0
FNH:0
DA:1,1
DA:3,1
DA:16,1
LF:3
LH:3
BRF:0
BRH:0
end_of_record
TN:
SF:/Users/liutao/work/demo/express-qiakr/qiakr/server/api/registerService.js
FN:7,(anonymous_1)
FN:18,(anonymous_2)
FN:24,(anonymous_3)
FN:25,(anonymous_4)
FN:29,(anonymous_5)
FNF:5
FNH:5
FNDA:2,(anonymous_1)
FNDA:2,(anonymous_2)
FNDA:14,(anonymous_3)
FNDA:4,(anonymous_4)
FNDA:4,(anonymous_5)
DA:1,1
DA:2,1
DA:3,1
DA:4,1
DA:7,1
DA:8,2
DA:15,2
DA:18,1
DA:19,2
DA:20,2
DA:21,2
DA:23,2
DA:24,14
DA:25,14
DA:26,4
DA:27,4
DA:29,4
DA:30,4
DA:31,4
DA:32,4
DA:34,0
DA:36,4
DA:42,2
DA:45,1
LF:24
LH:23
BRF:0
BRH:0
end_of_record
TN:
SF:/Users/liutao/work/demo/express-qiakr/qiakr/server/common/json2java.js
FN:11,(anonymous_1)
FN:14,(anonymous_2)
FN:17,(anonymous_3)
FNF:3
FNH:3
FNDA:4,(anonymous_1)
FNDA:11,(anonymous_2)
FNDA:11,(anonymous_3)
DA:9,1
DA:11,1
DA:12,4
DA:14,4
DA:15,11
DA:16,11
DA:18,11
DA:19,0
DA:21,11
DA:22,10
DA:24,1
DA:29,4
LF:12
LH:11
BRDA:18,1,0,0
BRDA:18,1,1,11
BRDA:21,2,0,10
BRDA:21,2,1,1
BRDA:22,3,0,10
BRDA:22,3,1,0
BRDA:24,4,0,1
BRDA:24,4,1,0
BRF:8
BRH:5
end_of_record
TN:
SF:/Users/liutao/work/demo/express-qiakr/qiakr/server/routes/home/school.js
FN:9,(anonymous_1)
FN:13,(anonymous_2)
FN:22,(anonymous_3)
FN:25,(anonymous_4)
FN:30,(anonymous_5)
FN:39,(anonymous_6)
FN:41,(anonymous_7)
FN:45,(anonymous_8)
FN:51,(anonymous_9)
FN:53,(anonymous_10)
FN:61,(anonymous_11)
FN:65,(anonymous_12)
FN:67,(anonymous_13)
FNF:13
FNH:4
FNDA:0,(anonymous_1)
FNDA:0,(anonymous_2)
FNDA:0,(anonymous_3)
FNDA:0,(anonymous_4)
FNDA:1,(anonymous_5)
FNDA:1,(anonymous_6)
FNDA:0,(anonymous_7)
FNDA:0,(anonymous_8)
FNDA:0,(anonymous_9)
FNDA:0,(anonymous_10)
FNDA:1,(anonymous_11)
FNDA:1,(anonymous_12)
FNDA:0,(anonymous_13)
DA:5,1
DA:6,1
DA:8,1
DA:11,0
DA:14,0
DA:22,0
DA:24,0
DA:26,0
DA:27,0
DA:31,1
DA:39,1
DA:40,1
DA:42,0
DA:46,0
DA:47,0
DA:48,0
DA:51,0
DA:52,0
DA:54,0
DA:55,0
DA:58,0
DA:62,1
DA:65,1
DA:66,1
DA:68,0
DA:73,1
LF:26
LH:10
BRDA:15,1,0,0
BRDA:15,1,1,0
BRDA:16,2,0,0
BRDA:16,2,1,0
BRDA:17,3,0,0
BRDA:17,3,1,0
BRDA:18,4,0,0
BRDA:18,4,1,0
BRDA:32,5,0,1
BRDA:32,5,1,1
BRDA:33,6,0,1
BRDA:33,6,1,1
BRDA:34,7,0,1
BRDA:34,7,1,1
BRDA:35,8,0,1
BRDA:35,8,1,0
BRDA:47,9,0,0
BRDA:47,9,1,0
BRDA:63,10,0,1
BRDA:63,10,1,0
BRF:20
BRH:8
end_of_record
TN:
SF:/Users/liutao/work/demo/express-qiakr/qiakr/server/api/home/videos.js
FNF:0
FNH:0
DA:1,1
DA:3,1
DA:16,1
LF:3
LH:3
BRF:0
BRH:0
end_of_record
